<?xml version="1.0" encoding="UTF-8"?>
<testsuite failures="1" errors="0" skipped="0" tests="1" time="22.934293" name="Interacting with the element within the BPM Page">
<testcase classname="Interacting with the element within the BPM Page" name="Storing interaction steps within the BPM Page" time="22.934293">
  <failure message="failed Storing interaction steps within the BPM Page" type="failed">
    <![CDATA[Scenario: Storing interaction steps within the BPM Page

Given You are in the BPM page

Message:
]]>
    <![CDATA[timed out after 10 seconds, waiting for {:text=>"Menus"} to become present (Watir::Wait::TimeoutError)
./features/step_definitions/bpm_interactions.rb:4:in `/^You are in the BPM page$/'
features/BPM.feature:3:in `Given You are in the BPM page']]>
  </failure>
  <system-out>
    <![CDATA[]]>
  </system-out>
  <system-err>
    <![CDATA[]]>
  </system-err>
</testcase>
</testsuite>
