<?xml version="1.0" encoding="UTF-8"?>
<testsuite failures="0" errors="0" skipped="0" tests="1" time="34.424443" name="Interacting with the element within the Sales Page">
<testcase classname="Interacting with the element within the Sales Page" name="Storing interaction steps within the Sales Page" time="34.424443">
  <system-out>
    <![CDATA[]]>
  </system-out>
  <system-err>
    <![CDATA[]]>
  </system-err>
</testcase>
</testsuite>
