<?xml version="1.0" encoding="UTF-8"?>
<testsuite failures="0" errors="0" skipped="0" tests="1" time="42.904290" name="Interacting with the element within the Funding Page">
<testcase classname="Interacting with the element within the Funding Page" name="Storing interaction steps within the Funding Page" time="42.904290">
  <system-out>
    <![CDATA[]]>
  </system-out>
  <system-err>
    <![CDATA[]]>
  </system-err>
</testcase>
</testsuite>
