<?xml version="1.0" encoding="UTF-8"?>
<testsuite failures="0" errors="0" skipped="0" tests="1" time="50.373037" name="Interacting with the element within the Title Vendors Page">
<testcase classname="Interacting with the element within the Title Vendors Page" name="Storing interaction steps within the Title Vendors" time="50.373037">
  <system-out>
    <![CDATA[]]>
  </system-out>
  <system-err>
    <![CDATA[]]>
  </system-err>
</testcase>
</testsuite>
