<?xml version="1.0" encoding="UTF-8"?>
<testsuite failures="0" errors="0" skipped="0" tests="1" time="43.196319" name="Interacting with the element within the Evening Shift Page">
<testcase classname="Interacting with the element within the Evening Shift Page" name="Storing interaction steps within the Evening Shift Page" time="43.196319">
  <system-out>
    <![CDATA[]]>
  </system-out>
  <system-err>
    <![CDATA[]]>
  </system-err>
</testcase>
</testsuite>
